[debug] [2023-07-31T11:55:36.153Z] ----------------------------------------------------------------------
[debug] [2023-07-31T11:55:36.157Z] Command:       C:\Program Files\nodejs\node.exe C:\Users\sawin\AppData\Roaming\npm\node_modules\firebase-tools\lib\bin\firebase.js init
[debug] [2023-07-31T11:55:36.158Z] CLI Version:   12.4.6
[debug] [2023-07-31T11:55:36.159Z] Platform:      win32
[debug] [2023-07-31T11:55:36.159Z] Node Version:  v18.12.1
[debug] [2023-07-31T11:55:36.160Z] Time:          Mon Jul 31 2023 13:55:36 GMT+0200 (czas środkowoeuropejski letni)
[debug] [2023-07-31T11:55:36.160Z] ----------------------------------------------------------------------
[debug] 
[debug] [2023-07-31T11:55:36.170Z] > command requires scopes: ["email","openid","https://www.googleapis.com/auth/cloudplatformprojects.readonly","https://www.googleapis.com/auth/firebase","https://www.googleapis.com/auth/cloud-platform"]
[debug] [2023-07-31T11:55:36.171Z] > authorizing via signed-in user (akatcorp111@gmail.com)
[info] 
     ######## #### ########  ######## ########     ###     ######  ########
     ##        ##  ##     ## ##       ##     ##  ##   ##  ##       ##
     ######    ##  ########  ######   ########  #########  ######  ######
     ##        ##  ##    ##  ##       ##     ## ##     ##       ## ##
     ##       #### ##     ## ######## ########  ##     ##  ######  ########

You're about to initialize a Firebase project in this directory:

  C:\Users\sawin\VotePoll\back

[info] 
=== Project Setup
[info] 
[info] First, let's associate this project directory with a Firebase project.
[info] You can create multiple project aliases by running firebase use --add, 
[info] but for now we'll just set up a default project.
[info] 
[debug] [2023-07-31T12:01:45.035Z] >>> [apiv2][query] GET https://firebase.googleapis.com/v1beta1/projects pageSize=100
[debug] [2023-07-31T12:01:45.726Z] <<< [apiv2][status] GET https://firebase.googleapis.com/v1beta1/projects 200
[debug] [2023-07-31T12:01:45.726Z] <<< [apiv2][body] GET https://firebase.googleapis.com/v1beta1/projects [omitted]
[info] i  Using project votepollapi (VotePollAPI) 
[info] 
=== Functions Setup
[debug] [2023-07-31T12:01:49.617Z] > command requires scopes: ["email","openid","https://www.googleapis.com/auth/cloudplatformprojects.readonly","https://www.googleapis.com/auth/firebase","https://www.googleapis.com/auth/cloud-platform"]
[debug] [2023-07-31T12:01:49.617Z] > authorizing via signed-in user (akatcorp111@gmail.com)
[debug] [2023-07-31T12:01:49.617Z] [iam] checking project votepollapi for permissions ["firebase.projects.get"]
[debug] [2023-07-31T12:01:49.618Z] >>> [apiv2][query] POST https://cloudresourcemanager.googleapis.com/v1/projects/votepollapi:testIamPermissions [none]
[debug] [2023-07-31T12:01:49.618Z] >>> [apiv2][(partial)header] POST https://cloudresourcemanager.googleapis.com/v1/projects/votepollapi:testIamPermissions x-goog-quota-user=projects/votepollapi
[debug] [2023-07-31T12:01:49.618Z] >>> [apiv2][body] POST https://cloudresourcemanager.googleapis.com/v1/projects/votepollapi:testIamPermissions {"permissions":["firebase.projects.get"]}
[debug] [2023-07-31T12:01:49.962Z] <<< [apiv2][status] POST https://cloudresourcemanager.googleapis.com/v1/projects/votepollapi:testIamPermissions 200
[debug] [2023-07-31T12:01:49.962Z] <<< [apiv2][body] POST https://cloudresourcemanager.googleapis.com/v1/projects/votepollapi:testIamPermissions {"permissions":["firebase.projects.get"]}
[debug] [2023-07-31T12:01:49.962Z] >>> [apiv2][query] GET https://serviceusage.googleapis.com/v1/projects/votepollapi/services/cloudfunctions.googleapis.com [none]
[debug] [2023-07-31T12:01:49.962Z] >>> [apiv2][(partial)header] GET https://serviceusage.googleapis.com/v1/projects/votepollapi/services/cloudfunctions.googleapis.com x-goog-quota-user=projects/votepollapi
[debug] [2023-07-31T12:01:49.964Z] >>> [apiv2][query] GET https://serviceusage.googleapis.com/v1/projects/votepollapi/services/runtimeconfig.googleapis.com [none]
[debug] [2023-07-31T12:01:49.964Z] >>> [apiv2][(partial)header] GET https://serviceusage.googleapis.com/v1/projects/votepollapi/services/runtimeconfig.googleapis.com x-goog-quota-user=projects/votepollapi
[debug] [2023-07-31T12:01:51.051Z] <<< [apiv2][status] GET https://serviceusage.googleapis.com/v1/projects/votepollapi/services/runtimeconfig.googleapis.com 200
[debug] [2023-07-31T12:01:51.051Z] <<< [apiv2][body] GET https://serviceusage.googleapis.com/v1/projects/votepollapi/services/runtimeconfig.googleapis.com [omitted]
[debug] [2023-07-31T12:01:51.052Z] <<< [apiv2][status] GET https://serviceusage.googleapis.com/v1/projects/votepollapi/services/cloudfunctions.googleapis.com 200
[debug] [2023-07-31T12:01:51.052Z] <<< [apiv2][body] GET https://serviceusage.googleapis.com/v1/projects/votepollapi/services/cloudfunctions.googleapis.com [omitted]
[info] Let's create a new codebase for your functions.
[info] A directory corresponding to the codebase will be created in your project
[info] with sample code pre-configured.

[info] See https://firebase.google.com/docs/functions/organize-functions for
[info] more information on organizing your functions using codebases.

[info] Functions can be deployed with firebase deploy.

